<?xml version="1.0" encoding="UTF-8"?>
<!-- Generated by org.testng.reporters.JUnitXMLReporter -->
<testsuite hostname="WS-QA-08" name="Test" tests="8" failures="3" timestamp="16 Sep 2015 13:21:28 GMT" time="230.665" errors="0">
  <testcase name="auth" time="14.496" classname="letoapp.tests.CanceledDepositScreensTest"/>
  <testcase name="openDepositsListTest" time="12.838" classname="letoapp.tests.CanceledDepositScreensTest"/>
  <testcase name="openDepositFromDepositsListTest" time="6.856" classname="letoapp.tests.CanceledDepositScreensTest"/>
  <testcase name="depositScreenDepositTabVerify" time="1.771" classname="letoapp.tests.CanceledDepositScreensTest"/>
  <testcase name="changeDisplayNameTest" time="29.94" classname="letoapp.tests.CanceledDepositScreensTest"/>
  <testcase name="depositScreeenInfoTabVerify" time="7.681" classname="letoapp.tests.CanceledDepositScreensTest">
    <failure type="java.lang.NullPointerException">
      <![CDATA[java.lang.NullPointerException
	at letoapp.sreens.deposits.DepositScreen.depositInfoTabClick(DepositScreen.java:46)
	at letoapp.tests.CanceledDepositScreensTest.depositScreeenInfoTabVerify(CanceledDepositScreensTest.java:62)
... Removed 33 stack frames]]>
    </failure>
  </testcase> <!-- depositScreeenInfoTabVerify -->
  <testcase name="depositOperationsScreenTest" time="63.259" classname="letoapp.tests.CanceledDepositScreensTest">
    <failure type="org.openqa.selenium.TimeoutException" message="Timed out after 60 seconds waiting for presence of element located by: By.id: widget_show_operation_history
Build info: version: &amp;apos;2.47.0&amp;apos;, revision: &amp;apos;0e4837e94b1fad0db93e88cd972ed3e235a22892&amp;apos;, time: &amp;apos;2015-07-29 15:58:41&amp;apos;
System info: host: &amp;apos;WS-QA-08&amp;apos;, ip: &amp;apos;192.168.4.33&amp;apos;, os.name: &amp;apos;Windows 7&amp;apos;, os.arch: &amp;apos;amd64&amp;apos;, os.version: &amp;apos;6.1&amp;apos;, java.version: &amp;apos;1.8.0_51&amp;apos;
Driver info: io.selendroid.client.SelendroidDriver
Capabilities [{emulator=true, aut=ru.letobank.Prometheus:1.2.10, platformVersion=19, automationName=selendroid, browserName=selendroid, platformName=android, platform=ANY}]
Session ID: a6046810-074c-8e88-106f-521a0a3291d3">
      <![CDATA[org.openqa.selenium.TimeoutException: Timed out after 60 seconds waiting for presence of element located by: By.id: widget_show_operation_history
Build info: version: '2.47.0', revision: '0e4837e94b1fad0db93e88cd972ed3e235a22892', time: '2015-07-29 15:58:41'
System info: host: 'WS-QA-08', ip: '192.168.4.33', os.name: 'Windows 7', os.arch: 'amd64', os.version: '6.1', java.version: '1.8.0_51'
Driver info: io.selendroid.client.SelendroidDriver
Capabilities [{emulator=true, aut=ru.letobank.Prometheus:1.2.10, platformVersion=19, automationName=selendroid, browserName=selendroid, platformName=android, platform=ANY}]
Session ID: a6046810-074c-8e88-106f-521a0a3291d3
	at org.openqa.selenium.support.ui.WebDriverWait.timeoutException(WebDriverWait.java:80)
	at org.openqa.selenium.support.ui.FluentWait.until(FluentWait.java:229)
	at letoapp.ScreenBase.waitFor(ScreenBase.java:69)
	at letoapp.sreens.deposits.DepositInfoTab.depositOperationsClick(DepositInfoTab.java:101)
	at letoapp.tests.CanceledDepositScreensTest.depositOperationsScreenTest(CanceledDepositScreensTest.java:69)
Caused by: org.openqa.selenium.NoSuchElementException: Element was not found.
Command duration or timeout: 5.10 seconds
For documentation on this error, please visit: http://seleniumhq.org/exceptions/no_such_element.html
Build info: version: '2.47.0', revision: '0e4837e94b1fad0db93e88cd972ed3e235a22892', time: '2015-07-29 15:58:41'
System info: host: 'WS-QA-08', ip: '192.168.4.33', os.name: 'Windows 7', os.arch: 'amd64', os.version: '6.1', java.version: '1.8.0_51'
Driver info: io.selendroid.client.SelendroidDriver
Capabilities [{emulator=true, aut=ru.letobank.Prometheus:1.2.10, platformVersion=19, automationName=selendroid, browserName=selendroid, platformName=android, platform=ANY}]
Session ID: a6046810-074c-8e88-106f-521a0a3291d3
*** Element info: {Using=id, value=widget_show_operation_history}
	at org.openqa.selenium.remote.ErrorHandler.createThrowable(ErrorHandler.java:206)
	at org.openqa.selenium.remote.ErrorHandler.throwIfResponseFailed(ErrorHandler.java:158)
	at org.openqa.selenium.remote.RemoteWebDriver.execute(RemoteWebDriver.java:595)
	at org.openqa.selenium.remote.RemoteWebDriver.findElement(RemoteWebDriver.java:348)
	at org.openqa.selenium.remote.RemoteWebDriver.findElementById(RemoteWebDriver.java:389)
	at org.openqa.selenium.By$ById.findElement(By.java:215)
	at org.openqa.selenium.remote.RemoteWebDriver.findElement(RemoteWebDriver.java:340)
	at org.openqa.selenium.support.ui.ExpectedConditions.findElement(ExpectedConditions.java:861)
	at org.openqa.selenium.support.ui.ExpectedConditions.access$000(ExpectedConditions.java:41)
	at org.openqa.selenium.support.ui.ExpectedConditions$6.apply(ExpectedConditions.java:181)
	at org.openqa.selenium.support.ui.ExpectedConditions$6.apply(ExpectedConditions.java:178)
	at org.openqa.selenium.support.ui.FluentWait.until(FluentWait.java:209)
	... 36 more
Caused by: io.selendroid.server.common.exceptions.NoSuchElementException: Element was not found.
... Removed 37 stack frames]]>
    </failure>
  </testcase> <!-- depositOperationsScreenTest -->
  <testcase name="exit" time="65.55" classname="letoapp.tests.CanceledDepositScreensTest">
    <failure type="org.openqa.selenium.TimeoutException" message="Timed out after 60 seconds waiting for presence of element located by: By.xpath: //TextView[@id=&amp;apos;action_bar_title&amp;apos;]
Build info: version: &amp;apos;2.47.0&amp;apos;, revision: &amp;apos;0e4837e94b1fad0db93e88cd972ed3e235a22892&amp;apos;, time: &amp;apos;2015-07-29 15:58:41&amp;apos;
System info: host: &amp;apos;WS-QA-08&amp;apos;, ip: &amp;apos;192.168.4.33&amp;apos;, os.name: &amp;apos;Windows 7&amp;apos;, os.arch: &amp;apos;amd64&amp;apos;, os.version: &amp;apos;6.1&amp;apos;, java.version: &amp;apos;1.8.0_51&amp;apos;
Driver info: io.selendroid.client.SelendroidDriver
Capabilities [{emulator=true, aut=ru.letobank.Prometheus:1.2.10, platformVersion=19, automationName=selendroid, browserName=selendroid, platformName=android, platform=ANY}]
Session ID: a6046810-074c-8e88-106f-521a0a3291d3">
      <![CDATA[org.openqa.selenium.TimeoutException: Timed out after 60 seconds waiting for presence of element located by: By.xpath: //TextView[@id='action_bar_title']
Build info: version: '2.47.0', revision: '0e4837e94b1fad0db93e88cd972ed3e235a22892', time: '2015-07-29 15:58:41'
System info: host: 'WS-QA-08', ip: '192.168.4.33', os.name: 'Windows 7', os.arch: 'amd64', os.version: '6.1', java.version: '1.8.0_51'
Driver info: io.selendroid.client.SelendroidDriver
Capabilities [{emulator=true, aut=ru.letobank.Prometheus:1.2.10, platformVersion=19, automationName=selendroid, browserName=selendroid, platformName=android, platform=ANY}]
Session ID: a6046810-074c-8e88-106f-521a0a3291d3
	at org.openqa.selenium.support.ui.WebDriverWait.timeoutException(WebDriverWait.java:80)
	at org.openqa.selenium.support.ui.FluentWait.until(FluentWait.java:229)
	at letoapp.ScreenBase.waitFor(ScreenBase.java:69)
	at letoapp.sreens.ActionBar.getActionBarTitle(ActionBar.java:42)
	at letoapp.AppScreenBase.getTitleFromActionBar(AppScreenBase.java:42)
	at letoapp.TestBase.incorrectScreenHandler(TestBase.java:95)
	at letoapp.tests.CanceledDepositScreensTest.exit(CanceledDepositScreensTest.java:78)
Caused by: org.openqa.selenium.NoSuchElementException: Element was not found.
Command duration or timeout: 5.39 seconds
For documentation on this error, please visit: http://seleniumhq.org/exceptions/no_such_element.html
Build info: version: '2.47.0', revision: '0e4837e94b1fad0db93e88cd972ed3e235a22892', time: '2015-07-29 15:58:41'
System info: host: 'WS-QA-08', ip: '192.168.4.33', os.name: 'Windows 7', os.arch: 'amd64', os.version: '6.1', java.version: '1.8.0_51'
Driver info: io.selendroid.client.SelendroidDriver
Capabilities [{emulator=true, aut=ru.letobank.Prometheus:1.2.10, platformVersion=19, automationName=selendroid, browserName=selendroid, platformName=android, platform=ANY}]
Session ID: a6046810-074c-8e88-106f-521a0a3291d3
*** Element info: {Using=xpath, value=//TextView[@id='action_bar_title']}
	at org.openqa.selenium.remote.ErrorHandler.createThrowable(ErrorHandler.java:206)
	at org.openqa.selenium.remote.ErrorHandler.throwIfResponseFailed(ErrorHandler.java:158)
	at org.openqa.selenium.remote.RemoteWebDriver.execute(RemoteWebDriver.java:595)
	at org.openqa.selenium.remote.RemoteWebDriver.findElement(RemoteWebDriver.java:348)
	at org.openqa.selenium.remote.RemoteWebDriver.findElementByXPath(RemoteWebDriver.java:445)
	at org.openqa.selenium.By$ByXPath.findElement(By.java:358)
	at org.openqa.selenium.remote.RemoteWebDriver.findElement(RemoteWebDriver.java:340)
	at org.openqa.selenium.support.ui.ExpectedConditions.findElement(ExpectedConditions.java:861)
	at org.openqa.selenium.support.ui.ExpectedConditions.access$000(ExpectedConditions.java:41)
	at org.openqa.selenium.support.ui.ExpectedConditions$6.apply(ExpectedConditions.java:181)
	at org.openqa.selenium.support.ui.ExpectedConditions$6.apply(ExpectedConditions.java:178)
	at org.openqa.selenium.support.ui.FluentWait.until(FluentWait.java:209)
	... 38 more
Caused by: io.selendroid.server.common.exceptions.NoSuchElementException: Element was not found.
... Removed 36 stack frames]]>
    </failure>
  </testcase> <!-- exit -->
</testsuite> <!-- Test -->
