<!DOCTYPE html PUBLIC "-//W3C//DTD XHTML 1.1//EN" "http://www.w3.org/TR/xhtml11/DTD/xhtml11.dtd">
<html xmlns="http://www.w3.org/1999/xhtml"><head><title>TestNG Report</title><style type="text/css">table {margin-bottom:10px;border-collapse:collapse;empty-cells:show}th,td {border:1px solid #009;padding:.25em .5em}th {vertical-align:bottom}td {vertical-align:top}table a {font-weight:bold}.stripe td {background-color: #E6EBF9}.num {text-align:right}.passedodd td {background-color: #3F3}.passedeven td {background-color: #0A0}.skippedodd td {background-color: #DDD}.skippedeven td {background-color: #CCC}.failedodd td,.attn {background-color: #F33}.failedeven td,.stripe .attn {background-color: #D00}.stacktrace {white-space:pre;font-family:monospace}.totop {font-size:85%;text-align:center;border-bottom:2px solid #000}</style></head><body><table><tr><th>Test</th><th># Passed</th><th># Skipped</th><th># Failed</th><th>Time (ms)</th><th>Included Groups</th><th>Excluded Groups</th></tr><tr><th colspan="7">Suite</th></tr><tr><td><a href="#t0">Test</a></td><td class="num">5</td><td class="num">0</td><td class="num attn">3</td><td class="num">230 665</td><td></td><td></td></tr></table><table><thead><tr><th>Class</th><th>Method</th><th>Start</th><th>Time (ms)</th></tr></thead><tbody><tr><th colspan="4">Suite</th></tr></tbody><tbody id="t0"><tr><th colspan="4">Test &#8212; failed</th></tr><tr class="failedeven"><td rowspan="3">letoapp.tests.CanceledDepositScreensTest</td><td><a href="#m0">depositOperationsScreenTest</a></td><td rowspan="1">1442409554076</td><td rowspan="1">63259</td></tr><tr class="failedeven"><td><a href="#m1">depositScreeenInfoTabVerify</a></td><td rowspan="1">1442409546394</td><td rowspan="1">7681</td></tr><tr class="failedeven"><td><a href="#m2">exit</a></td><td rowspan="1">1442409617346</td><td rowspan="1">65550</td></tr><tr><th colspan="4">Test &#8212; passed</th></tr><tr class="passedeven"><td rowspan="5">letoapp.tests.CanceledDepositScreensTest</td><td><a href="#m3">auth</a></td><td rowspan="1">1442409480491</td><td rowspan="1">14496</td></tr><tr class="passedeven"><td><a href="#m4">changeDisplayNameTest</a></td><td rowspan="1">1442409516453</td><td rowspan="1">29940</td></tr><tr class="passedeven"><td><a href="#m5">depositScreenDepositTabVerify</a></td><td rowspan="1">1442409514682</td><td rowspan="1">1771</td></tr><tr class="passedeven"><td><a href="#m6">openDepositFromDepositsListTest</a></td><td rowspan="1">1442409507826</td><td rowspan="1">6856</td></tr><tr class="passedeven"><td><a href="#m7">openDepositsListTest</a></td><td rowspan="1">1442409494988</td><td rowspan="1">12838</td></tr></tbody></table><h2>Test</h2><h3 id="m0">letoapp.tests.CanceledDepositScreensTest#depositOperationsScreenTest</h3><table class="result"><tr><th>Exception</th></tr><tr><td><div class="stacktrace">org.openqa.selenium.TimeoutException: Timed out after 60 seconds waiting for presence of element located by: By.id: widget_show_operation_history
Build info: version: &apos;2.47.0&apos;, revision: &apos;0e4837e94b1fad0db93e88cd972ed3e235a22892&apos;, time: &apos;2015-07-29 15:58:41&apos;
System info: host: &apos;WS-QA-08&apos;, ip: &apos;192.168.4.33&apos;, os.name: &apos;Windows 7&apos;, os.arch: &apos;amd64&apos;, os.version: &apos;6.1&apos;, java.version: &apos;1.8.0_51&apos;
Driver info: io.selendroid.client.SelendroidDriver
Capabilities [{emulator=true, aut=ru.letobank.Prometheus:1.2.10, platformVersion=19, automationName=selendroid, browserName=selendroid, platformName=android, platform=ANY}]
Session ID: a6046810-074c-8e88-106f-521a0a3291d3
	at org.openqa.selenium.support.ui.WebDriverWait.timeoutException(WebDriverWait.java:80)
	at org.openqa.selenium.support.ui.FluentWait.until(FluentWait.java:229)
	at letoapp.ScreenBase.waitFor(ScreenBase.java:69)
	at letoapp.sreens.deposits.DepositInfoTab.depositOperationsClick(DepositInfoTab.java:101)
	at letoapp.tests.CanceledDepositScreensTest.depositOperationsScreenTest(CanceledDepositScreensTest.java:69)
Caused by: org.openqa.selenium.NoSuchElementException: Element was not found.
Command duration or timeout: 5.10 seconds
For documentation on this error, please visit: http://seleniumhq.org/exceptions/no_such_element.html
Build info: version: &apos;2.47.0&apos;, revision: &apos;0e4837e94b1fad0db93e88cd972ed3e235a22892&apos;, time: &apos;2015-07-29 15:58:41&apos;
System info: host: &apos;WS-QA-08&apos;, ip: &apos;192.168.4.33&apos;, os.name: &apos;Windows 7&apos;, os.arch: &apos;amd64&apos;, os.version: &apos;6.1&apos;, java.version: &apos;1.8.0_51&apos;
Driver info: io.selendroid.client.SelendroidDriver
Capabilities [{emulator=true, aut=ru.letobank.Prometheus:1.2.10, platformVersion=19, automationName=selendroid, browserName=selendroid, platformName=android, platform=ANY}]
Session ID: a6046810-074c-8e88-106f-521a0a3291d3
*** Element info: {Using=id, value=widget_show_operation_history}
	at org.openqa.selenium.remote.ErrorHandler.createThrowable(ErrorHandler.java:206)
	at org.openqa.selenium.remote.ErrorHandler.throwIfResponseFailed(ErrorHandler.java:158)
	at org.openqa.selenium.remote.RemoteWebDriver.execute(RemoteWebDriver.java:595)
	at org.openqa.selenium.remote.RemoteWebDriver.findElement(RemoteWebDriver.java:348)
	at org.openqa.selenium.remote.RemoteWebDriver.findElementById(RemoteWebDriver.java:389)
	at org.openqa.selenium.By$ById.findElement(By.java:215)
	at org.openqa.selenium.remote.RemoteWebDriver.findElement(RemoteWebDriver.java:340)
	at org.openqa.selenium.support.ui.ExpectedConditions.findElement(ExpectedConditions.java:861)
	at org.openqa.selenium.support.ui.ExpectedConditions.access$000(ExpectedConditions.java:41)
	at org.openqa.selenium.support.ui.ExpectedConditions$6.apply(ExpectedConditions.java:181)
	at org.openqa.selenium.support.ui.ExpectedConditions$6.apply(ExpectedConditions.java:178)
	at org.openqa.selenium.support.ui.FluentWait.until(FluentWait.java:209)
	... 36 more
Caused by: io.selendroid.server.common.exceptions.NoSuchElementException: Element was not found.
... Removed 37 stack frames</div></td></tr></table><p class="totop"><a href="#summary">back to summary</a></p><h3 id="m1">letoapp.tests.CanceledDepositScreensTest#depositScreeenInfoTabVerify</h3><table class="result"><tr><th>Exception</th></tr><tr><td><div class="stacktrace">java.lang.NullPointerException
	at letoapp.sreens.deposits.DepositScreen.depositInfoTabClick(DepositScreen.java:46)
	at letoapp.tests.CanceledDepositScreensTest.depositScreeenInfoTabVerify(CanceledDepositScreensTest.java:62)
... Removed 33 stack frames</div></td></tr></table><p class="totop"><a href="#summary">back to summary</a></p><h3 id="m2">letoapp.tests.CanceledDepositScreensTest#exit</h3><table class="result"><tr><th>Exception</th></tr><tr><td><div class="stacktrace">org.openqa.selenium.TimeoutException: Timed out after 60 seconds waiting for presence of element located by: By.xpath: //TextView[@id=&apos;action_bar_title&apos;]
Build info: version: &apos;2.47.0&apos;, revision: &apos;0e4837e94b1fad0db93e88cd972ed3e235a22892&apos;, time: &apos;2015-07-29 15:58:41&apos;
System info: host: &apos;WS-QA-08&apos;, ip: &apos;192.168.4.33&apos;, os.name: &apos;Windows 7&apos;, os.arch: &apos;amd64&apos;, os.version: &apos;6.1&apos;, java.version: &apos;1.8.0_51&apos;
Driver info: io.selendroid.client.SelendroidDriver
Capabilities [{emulator=true, aut=ru.letobank.Prometheus:1.2.10, platformVersion=19, automationName=selendroid, browserName=selendroid, platformName=android, platform=ANY}]
Session ID: a6046810-074c-8e88-106f-521a0a3291d3
	at org.openqa.selenium.support.ui.WebDriverWait.timeoutException(WebDriverWait.java:80)
	at org.openqa.selenium.support.ui.FluentWait.until(FluentWait.java:229)
	at letoapp.ScreenBase.waitFor(ScreenBase.java:69)
	at letoapp.sreens.ActionBar.getActionBarTitle(ActionBar.java:42)
	at letoapp.AppScreenBase.getTitleFromActionBar(AppScreenBase.java:42)
	at letoapp.TestBase.incorrectScreenHandler(TestBase.java:95)
	at letoapp.tests.CanceledDepositScreensTest.exit(CanceledDepositScreensTest.java:78)
Caused by: org.openqa.selenium.NoSuchElementException: Element was not found.
Command duration or timeout: 5.39 seconds
For documentation on this error, please visit: http://seleniumhq.org/exceptions/no_such_element.html
Build info: version: &apos;2.47.0&apos;, revision: &apos;0e4837e94b1fad0db93e88cd972ed3e235a22892&apos;, time: &apos;2015-07-29 15:58:41&apos;
System info: host: &apos;WS-QA-08&apos;, ip: &apos;192.168.4.33&apos;, os.name: &apos;Windows 7&apos;, os.arch: &apos;amd64&apos;, os.version: &apos;6.1&apos;, java.version: &apos;1.8.0_51&apos;
Driver info: io.selendroid.client.SelendroidDriver
Capabilities [{emulator=true, aut=ru.letobank.Prometheus:1.2.10, platformVersion=19, automationName=selendroid, browserName=selendroid, platformName=android, platform=ANY}]
Session ID: a6046810-074c-8e88-106f-521a0a3291d3
*** Element info: {Using=xpath, value=//TextView[@id=&apos;action_bar_title&apos;]}
	at org.openqa.selenium.remote.ErrorHandler.createThrowable(ErrorHandler.java:206)
	at org.openqa.selenium.remote.ErrorHandler.throwIfResponseFailed(ErrorHandler.java:158)
	at org.openqa.selenium.remote.RemoteWebDriver.execute(RemoteWebDriver.java:595)
	at org.openqa.selenium.remote.RemoteWebDriver.findElement(RemoteWebDriver.java:348)
	at org.openqa.selenium.remote.RemoteWebDriver.findElementByXPath(RemoteWebDriver.java:445)
	at org.openqa.selenium.By$ByXPath.findElement(By.java:358)
	at org.openqa.selenium.remote.RemoteWebDriver.findElement(RemoteWebDriver.java:340)
	at org.openqa.selenium.support.ui.ExpectedConditions.findElement(ExpectedConditions.java:861)
	at org.openqa.selenium.support.ui.ExpectedConditions.access$000(ExpectedConditions.java:41)
	at org.openqa.selenium.support.ui.ExpectedConditions$6.apply(ExpectedConditions.java:181)
	at org.openqa.selenium.support.ui.ExpectedConditions$6.apply(ExpectedConditions.java:178)
	at org.openqa.selenium.support.ui.FluentWait.until(FluentWait.java:209)
	... 38 more
Caused by: io.selendroid.server.common.exceptions.NoSuchElementException: Element was not found.
... Removed 36 stack frames</div></td></tr></table><p class="totop"><a href="#summary">back to summary</a></p><h3 id="m3">letoapp.tests.CanceledDepositScreensTest#auth</h3><table class="result"></table><p class="totop"><a href="#summary">back to summary</a></p><h3 id="m4">letoapp.tests.CanceledDepositScreensTest#changeDisplayNameTest</h3><table class="result"></table><p class="totop"><a href="#summary">back to summary</a></p><h3 id="m5">letoapp.tests.CanceledDepositScreensTest#depositScreenDepositTabVerify</h3><table class="result"></table><p class="totop"><a href="#summary">back to summary</a></p><h3 id="m6">letoapp.tests.CanceledDepositScreensTest#openDepositFromDepositsListTest</h3><table class="result"></table><p class="totop"><a href="#summary">back to summary</a></p><h3 id="m7">letoapp.tests.CanceledDepositScreensTest#openDepositsListTest</h3><table class="result"></table><p class="totop"><a href="#summary">back to summary</a></p></body></html>