<?xml version="1.0" encoding="UTF-8"?>
<testng-results skipped="0" failed="3" total="8" passed="5">
  <reporter-output>
  </reporter-output>
  <suite name="Suite" duration-ms="230665" started-at="2015-09-16T13:17:38Z" finished-at="2015-09-16T13:21:28Z">
    <groups>
    </groups>
    <test name="Test" duration-ms="230665" started-at="2015-09-16T13:17:38Z" finished-at="2015-09-16T13:21:28Z">
      <class name="letoapp.tests.CanceledDepositScreensTest">
        <test-method status="PASS" signature="setUpServer()[pri:0, instance:letoapp.tests.CanceledDepositScreensTest@543c6f6d]" name="setUpServer" is-config="true" duration-ms="7999" started-at="2015-09-16T16:17:30Z" finished-at="2015-09-16T16:17:38Z">
          <reporter-output>
          </reporter-output>
        </test-method> <!-- setUpServer -->
        <test-method status="PASS" signature="setUp()[pri:0, instance:letoapp.tests.CanceledDepositScreensTest@543c6f6d]" name="setUp" is-config="true" duration-ms="22458" started-at="2015-09-16T16:17:38Z" finished-at="2015-09-16T16:18:00Z">
          <reporter-output>
          </reporter-output>
        </test-method> <!-- setUp -->
        <test-method status="PASS" signature="auth()[pri:0, instance:letoapp.tests.CanceledDepositScreensTest@543c6f6d]" name="auth" duration-ms="14496" started-at="2015-09-16T16:18:00Z" finished-at="2015-09-16T16:18:14Z">
          <reporter-output>
          </reporter-output>
        </test-method> <!-- auth -->
        <test-method status="PASS" signature="openDepositsListTest()[pri:0, instance:letoapp.tests.CanceledDepositScreensTest@543c6f6d]" name="openDepositsListTest" duration-ms="12838" started-at="2015-09-16T16:18:14Z" depends-on-methods="letoapp.tests.CanceledDepositScreensTest.auth" finished-at="2015-09-16T16:18:27Z">
          <reporter-output>
          </reporter-output>
        </test-method> <!-- openDepositsListTest -->
        <test-method status="PASS" signature="openDepositFromDepositsListTest()[pri:0, instance:letoapp.tests.CanceledDepositScreensTest@543c6f6d]" name="openDepositFromDepositsListTest" duration-ms="6856" started-at="2015-09-16T16:18:27Z" depends-on-methods="letoapp.tests.CanceledDepositScreensTest.auth" finished-at="2015-09-16T16:18:34Z">
          <reporter-output>
          </reporter-output>
        </test-method> <!-- openDepositFromDepositsListTest -->
        <test-method status="PASS" signature="depositScreenDepositTabVerify()[pri:0, instance:letoapp.tests.CanceledDepositScreensTest@543c6f6d]" name="depositScreenDepositTabVerify" duration-ms="1771" started-at="2015-09-16T16:18:34Z" depends-on-methods="letoapp.tests.CanceledDepositScreensTest.openDepositFromDepositsListTest" finished-at="2015-09-16T16:18:36Z">
          <reporter-output>
          </reporter-output>
        </test-method> <!-- depositScreenDepositTabVerify -->
        <test-method status="PASS" signature="changeDisplayNameTest()[pri:0, instance:letoapp.tests.CanceledDepositScreensTest@543c6f6d]" name="changeDisplayNameTest" duration-ms="29940" started-at="2015-09-16T16:18:36Z" depends-on-methods="letoapp.tests.CanceledDepositScreensTest.openDepositFromDepositsListTest" finished-at="2015-09-16T16:19:06Z">
          <reporter-output>
          </reporter-output>
        </test-method> <!-- changeDisplayNameTest -->
        <test-method status="FAIL" signature="depositScreeenInfoTabVerify()[pri:0, instance:letoapp.tests.CanceledDepositScreensTest@543c6f6d]" name="depositScreeenInfoTabVerify" duration-ms="7681" started-at="2015-09-16T16:19:06Z" depends-on-methods="letoapp.tests.CanceledDepositScreensTest.openDepositFromDepositsListTest" finished-at="2015-09-16T16:19:14Z">
          <exception class="java.lang.NullPointerException">
            <full-stacktrace>
              <![CDATA[java.lang.NullPointerException
	at letoapp.sreens.deposits.DepositScreen.depositInfoTabClick(DepositScreen.java:46)
	at letoapp.tests.CanceledDepositScreensTest.depositScreeenInfoTabVerify(CanceledDepositScreensTest.java:62)
	at sun.reflect.NativeMethodAccessorImpl.invoke0(Native Method)
	at sun.reflect.NativeMethodAccessorImpl.invoke(NativeMethodAccessorImpl.java:62)
	at sun.reflect.DelegatingMethodAccessorImpl.invoke(DelegatingMethodAccessorImpl.java:43)
	at java.lang.reflect.Method.invoke(Method.java:497)
	at org.testng.internal.MethodInvocationHelper.invokeMethod(MethodInvocationHelper.java:85)
	at org.testng.internal.Invoker.invokeMethod(Invoker.java:659)
	at org.testng.internal.Invoker.invokeTestMethod(Invoker.java:845)
	at org.testng.internal.Invoker.invokeTestMethods(Invoker.java:1153)
	at org.testng.internal.TestMethodWorker.invokeTestMethods(TestMethodWorker.java:125)
	at org.testng.internal.TestMethodWorker.run(TestMethodWorker.java:108)
	at org.testng.TestRunner.privateRun(TestRunner.java:771)
	at org.testng.TestRunner.run(TestRunner.java:621)
	at org.testng.SuiteRunner.runTest(SuiteRunner.java:357)
	at org.testng.SuiteRunner.runSequentially(SuiteRunner.java:352)
	at org.testng.SuiteRunner.privateRun(SuiteRunner.java:310)
	at org.testng.SuiteRunner.run(SuiteRunner.java:259)
	at org.testng.SuiteRunnerWorker.runSuite(SuiteRunnerWorker.java:52)
	at org.testng.SuiteRunnerWorker.run(SuiteRunnerWorker.java:86)
	at org.testng.TestNG.runSuitesSequentially(TestNG.java:1199)
	at org.testng.TestNG.runSuitesLocally(TestNG.java:1124)
	at org.testng.TestNG.run(TestNG.java:1032)
	at org.apache.maven.surefire.testng.TestNGExecutor.run(TestNGExecutor.java:178)
	at org.apache.maven.surefire.testng.TestNGXmlTestSuite.execute(TestNGXmlTestSuite.java:92)
	at org.apache.maven.surefire.testng.TestNGProvider.invoke(TestNGProvider.java:96)
	at sun.reflect.NativeMethodAccessorImpl.invoke0(Native Method)
	at sun.reflect.NativeMethodAccessorImpl.invoke(NativeMethodAccessorImpl.java:62)
	at sun.reflect.DelegatingMethodAccessorImpl.invoke(DelegatingMethodAccessorImpl.java:43)
	at java.lang.reflect.Method.invoke(Method.java:497)
	at org.apache.maven.surefire.util.ReflectionUtils.invokeMethodWithArray(ReflectionUtils.java:189)
	at org.apache.maven.surefire.booter.ProviderFactory$ProviderProxy.invoke(ProviderFactory.java:165)
	at org.apache.maven.surefire.booter.ProviderFactory.invokeProvider(ProviderFactory.java:85)
	at org.apache.maven.surefire.booter.ForkedBooter.runSuitesInProcess(ForkedBooter.java:113)
	at org.apache.maven.surefire.booter.ForkedBooter.main(ForkedBooter.java:75)
]]>
            </full-stacktrace>
          </exception> <!-- java.lang.NullPointerException -->
          <reporter-output>
          </reporter-output>
        </test-method> <!-- depositScreeenInfoTabVerify -->
        <test-method status="FAIL" signature="depositOperationsScreenTest()[pri:0, instance:letoapp.tests.CanceledDepositScreensTest@543c6f6d]" name="depositOperationsScreenTest" duration-ms="63259" started-at="2015-09-16T16:19:14Z" depends-on-methods="letoapp.tests.CanceledDepositScreensTest.openDepositFromDepositsListTest" finished-at="2015-09-16T16:20:17Z">
          <exception class="org.openqa.selenium.TimeoutException">
            <message>
              <![CDATA[Timed out after 60 seconds waiting for presence of element located by: By.id: widget_show_operation_history
Build info: version: '2.47.0', revision: '0e4837e94b1fad0db93e88cd972ed3e235a22892', time: '2015-07-29 15:58:41'
System info: host: 'WS-QA-08', ip: '192.168.4.33', os.name: 'Windows 7', os.arch: 'amd64', os.version: '6.1', java.version: '1.8.0_51'
Driver info: io.selendroid.client.SelendroidDriver
Capabilities [{emulator=true, aut=ru.letobank.Prometheus:1.2.10, platformVersion=19, automationName=selendroid, browserName=selendroid, platformName=android, platform=ANY}]
Session ID: a6046810-074c-8e88-106f-521a0a3291d3]]>
            </message>
            <full-stacktrace>
              <![CDATA[org.openqa.selenium.TimeoutException: Timed out after 60 seconds waiting for presence of element located by: By.id: widget_show_operation_history
Build info: version: '2.47.0', revision: '0e4837e94b1fad0db93e88cd972ed3e235a22892', time: '2015-07-29 15:58:41'
System info: host: 'WS-QA-08', ip: '192.168.4.33', os.name: 'Windows 7', os.arch: 'amd64', os.version: '6.1', java.version: '1.8.0_51'
Driver info: io.selendroid.client.SelendroidDriver
Capabilities [{emulator=true, aut=ru.letobank.Prometheus:1.2.10, platformVersion=19, automationName=selendroid, browserName=selendroid, platformName=android, platform=ANY}]
Session ID: a6046810-074c-8e88-106f-521a0a3291d3
	at org.openqa.selenium.support.ui.WebDriverWait.timeoutException(WebDriverWait.java:80)
	at org.openqa.selenium.support.ui.FluentWait.until(FluentWait.java:229)
	at letoapp.ScreenBase.waitFor(ScreenBase.java:69)
	at letoapp.sreens.deposits.DepositInfoTab.depositOperationsClick(DepositInfoTab.java:101)
	at letoapp.tests.CanceledDepositScreensTest.depositOperationsScreenTest(CanceledDepositScreensTest.java:69)
	at sun.reflect.NativeMethodAccessorImpl.invoke0(Native Method)
	at sun.reflect.NativeMethodAccessorImpl.invoke(NativeMethodAccessorImpl.java:62)
	at sun.reflect.DelegatingMethodAccessorImpl.invoke(DelegatingMethodAccessorImpl.java:43)
	at java.lang.reflect.Method.invoke(Method.java:497)
	at org.testng.internal.MethodInvocationHelper.invokeMethod(MethodInvocationHelper.java:85)
	at org.testng.internal.Invoker.invokeMethod(Invoker.java:659)
	at org.testng.internal.Invoker.invokeTestMethod(Invoker.java:845)
	at org.testng.internal.Invoker.invokeTestMethods(Invoker.java:1153)
	at org.testng.internal.TestMethodWorker.invokeTestMethods(TestMethodWorker.java:125)
	at org.testng.internal.TestMethodWorker.run(TestMethodWorker.java:108)
	at org.testng.TestRunner.privateRun(TestRunner.java:771)
	at org.testng.TestRunner.run(TestRunner.java:621)
	at org.testng.SuiteRunner.runTest(SuiteRunner.java:357)
	at org.testng.SuiteRunner.runSequentially(SuiteRunner.java:352)
	at org.testng.SuiteRunner.privateRun(SuiteRunner.java:310)
	at org.testng.SuiteRunner.run(SuiteRunner.java:259)
	at org.testng.SuiteRunnerWorker.runSuite(SuiteRunnerWorker.java:52)
	at org.testng.SuiteRunnerWorker.run(SuiteRunnerWorker.java:86)
	at org.testng.TestNG.runSuitesSequentially(TestNG.java:1199)
	at org.testng.TestNG.runSuitesLocally(TestNG.java:1124)
	at org.testng.TestNG.run(TestNG.java:1032)
	at org.apache.maven.surefire.testng.TestNGExecutor.run(TestNGExecutor.java:178)
	at org.apache.maven.surefire.testng.TestNGXmlTestSuite.execute(TestNGXmlTestSuite.java:92)
	at org.apache.maven.surefire.testng.TestNGProvider.invoke(TestNGProvider.java:96)
	at sun.reflect.NativeMethodAccessorImpl.invoke0(Native Method)
	at sun.reflect.NativeMethodAccessorImpl.invoke(NativeMethodAccessorImpl.java:62)
	at sun.reflect.DelegatingMethodAccessorImpl.invoke(DelegatingMethodAccessorImpl.java:43)
	at java.lang.reflect.Method.invoke(Method.java:497)
	at org.apache.maven.surefire.util.ReflectionUtils.invokeMethodWithArray(ReflectionUtils.java:189)
	at org.apache.maven.surefire.booter.ProviderFactory$ProviderProxy.invoke(ProviderFactory.java:165)
	at org.apache.maven.surefire.booter.ProviderFactory.invokeProvider(ProviderFactory.java:85)
	at org.apache.maven.surefire.booter.ForkedBooter.runSuitesInProcess(ForkedBooter.java:113)
	at org.apache.maven.surefire.booter.ForkedBooter.main(ForkedBooter.java:75)
Caused by: org.openqa.selenium.NoSuchElementException: Element was not found.
Command duration or timeout: 5.10 seconds
For documentation on this error, please visit: http://seleniumhq.org/exceptions/no_such_element.html
Build info: version: '2.47.0', revision: '0e4837e94b1fad0db93e88cd972ed3e235a22892', time: '2015-07-29 15:58:41'
System info: host: 'WS-QA-08', ip: '192.168.4.33', os.name: 'Windows 7', os.arch: 'amd64', os.version: '6.1', java.version: '1.8.0_51'
Driver info: io.selendroid.client.SelendroidDriver
Capabilities [{emulator=true, aut=ru.letobank.Prometheus:1.2.10, platformVersion=19, automationName=selendroid, browserName=selendroid, platformName=android, platform=ANY}]
Session ID: a6046810-074c-8e88-106f-521a0a3291d3
*** Element info: {Using=id, value=widget_show_operation_history}
	at sun.reflect.NativeConstructorAccessorImpl.newInstance0(Native Method)
	at sun.reflect.NativeConstructorAccessorImpl.newInstance(NativeConstructorAccessorImpl.java:62)
	at sun.reflect.DelegatingConstructorAccessorImpl.newInstance(DelegatingConstructorAccessorImpl.java:45)
	at java.lang.reflect.Constructor.newInstance(Constructor.java:422)
	at org.openqa.selenium.remote.ErrorHandler.createThrowable(ErrorHandler.java:206)
	at org.openqa.selenium.remote.ErrorHandler.throwIfResponseFailed(ErrorHandler.java:158)
	at org.openqa.selenium.remote.RemoteWebDriver.execute(RemoteWebDriver.java:595)
	at org.openqa.selenium.remote.RemoteWebDriver.findElement(RemoteWebDriver.java:348)
	at org.openqa.selenium.remote.RemoteWebDriver.findElementById(RemoteWebDriver.java:389)
	at org.openqa.selenium.By$ById.findElement(By.java:215)
	at org.openqa.selenium.remote.RemoteWebDriver.findElement(RemoteWebDriver.java:340)
	at org.openqa.selenium.support.ui.ExpectedConditions.findElement(ExpectedConditions.java:861)
	at org.openqa.selenium.support.ui.ExpectedConditions.access$000(ExpectedConditions.java:41)
	at org.openqa.selenium.support.ui.ExpectedConditions$6.apply(ExpectedConditions.java:181)
	at org.openqa.selenium.support.ui.ExpectedConditions$6.apply(ExpectedConditions.java:178)
	at org.openqa.selenium.support.ui.FluentWait.until(FluentWait.java:209)
	... 36 more
Caused by: io.selendroid.server.common.exceptions.NoSuchElementException: Element was not found.
]]>
            </full-stacktrace>
          </exception> <!-- org.openqa.selenium.TimeoutException -->
          <reporter-output>
          </reporter-output>
        </test-method> <!-- depositOperationsScreenTest -->
        <test-method status="FAIL" signature="exit()[pri:0, instance:letoapp.tests.CanceledDepositScreensTest@543c6f6d]" name="exit" duration-ms="65550" started-at="2015-09-16T16:20:17Z" depends-on-methods="letoapp.tests.CanceledDepositScreensTest.openDepositFromDepositsListTest" finished-at="2015-09-16T16:21:22Z">
          <exception class="org.openqa.selenium.TimeoutException">
            <message>
              <![CDATA[Timed out after 60 seconds waiting for presence of element located by: By.xpath: //TextView[@id='action_bar_title']
Build info: version: '2.47.0', revision: '0e4837e94b1fad0db93e88cd972ed3e235a22892', time: '2015-07-29 15:58:41'
System info: host: 'WS-QA-08', ip: '192.168.4.33', os.name: 'Windows 7', os.arch: 'amd64', os.version: '6.1', java.version: '1.8.0_51'
Driver info: io.selendroid.client.SelendroidDriver
Capabilities [{emulator=true, aut=ru.letobank.Prometheus:1.2.10, platformVersion=19, automationName=selendroid, browserName=selendroid, platformName=android, platform=ANY}]
Session ID: a6046810-074c-8e88-106f-521a0a3291d3]]>
            </message>
            <full-stacktrace>
              <![CDATA[org.openqa.selenium.TimeoutException: Timed out after 60 seconds waiting for presence of element located by: By.xpath: //TextView[@id='action_bar_title']
Build info: version: '2.47.0', revision: '0e4837e94b1fad0db93e88cd972ed3e235a22892', time: '2015-07-29 15:58:41'
System info: host: 'WS-QA-08', ip: '192.168.4.33', os.name: 'Windows 7', os.arch: 'amd64', os.version: '6.1', java.version: '1.8.0_51'
Driver info: io.selendroid.client.SelendroidDriver
Capabilities [{emulator=true, aut=ru.letobank.Prometheus:1.2.10, platformVersion=19, automationName=selendroid, browserName=selendroid, platformName=android, platform=ANY}]
Session ID: a6046810-074c-8e88-106f-521a0a3291d3
	at org.openqa.selenium.support.ui.WebDriverWait.timeoutException(WebDriverWait.java:80)
	at org.openqa.selenium.support.ui.FluentWait.until(FluentWait.java:229)
	at letoapp.ScreenBase.waitFor(ScreenBase.java:69)
	at letoapp.sreens.ActionBar.getActionBarTitle(ActionBar.java:42)
	at letoapp.AppScreenBase.getTitleFromActionBar(AppScreenBase.java:42)
	at letoapp.TestBase.incorrectScreenHandler(TestBase.java:95)
	at letoapp.tests.CanceledDepositScreensTest.exit(CanceledDepositScreensTest.java:78)
	at sun.reflect.NativeMethodAccessorImpl.invoke0(Native Method)
	at sun.reflect.NativeMethodAccessorImpl.invoke(NativeMethodAccessorImpl.java:62)
	at sun.reflect.DelegatingMethodAccessorImpl.invoke(DelegatingMethodAccessorImpl.java:43)
	at java.lang.reflect.Method.invoke(Method.java:497)
	at org.testng.internal.MethodInvocationHelper.invokeMethod(MethodInvocationHelper.java:85)
	at org.testng.internal.Invoker.invokeMethod(Invoker.java:659)
	at org.testng.internal.Invoker.invokeTestMethod(Invoker.java:845)
	at org.testng.internal.Invoker.invokeTestMethods(Invoker.java:1153)
	at org.testng.internal.TestMethodWorker.invokeTestMethods(TestMethodWorker.java:125)
	at org.testng.internal.TestMethodWorker.run(TestMethodWorker.java:108)
	at org.testng.TestRunner.privateRun(TestRunner.java:771)
	at org.testng.TestRunner.run(TestRunner.java:621)
	at org.testng.SuiteRunner.runTest(SuiteRunner.java:357)
	at org.testng.SuiteRunner.runSequentially(SuiteRunner.java:352)
	at org.testng.SuiteRunner.privateRun(SuiteRunner.java:310)
	at org.testng.SuiteRunner.run(SuiteRunner.java:259)
	at org.testng.SuiteRunnerWorker.runSuite(SuiteRunnerWorker.java:52)
	at org.testng.SuiteRunnerWorker.run(SuiteRunnerWorker.java:86)
	at org.testng.TestNG.runSuitesSequentially(TestNG.java:1199)
	at org.testng.TestNG.runSuitesLocally(TestNG.java:1124)
	at org.testng.TestNG.run(TestNG.java:1032)
	at org.apache.maven.surefire.testng.TestNGExecutor.run(TestNGExecutor.java:178)
	at org.apache.maven.surefire.testng.TestNGXmlTestSuite.execute(TestNGXmlTestSuite.java:92)
	at org.apache.maven.surefire.testng.TestNGProvider.invoke(TestNGProvider.java:96)
	at sun.reflect.NativeMethodAccessorImpl.invoke0(Native Method)
	at sun.reflect.NativeMethodAccessorImpl.invoke(NativeMethodAccessorImpl.java:62)
	at sun.reflect.DelegatingMethodAccessorImpl.invoke(DelegatingMethodAccessorImpl.java:43)
	at java.lang.reflect.Method.invoke(Method.java:497)
	at org.apache.maven.surefire.util.ReflectionUtils.invokeMethodWithArray(ReflectionUtils.java:189)
	at org.apache.maven.surefire.booter.ProviderFactory$ProviderProxy.invoke(ProviderFactory.java:165)
	at org.apache.maven.surefire.booter.ProviderFactory.invokeProvider(ProviderFactory.java:85)
	at org.apache.maven.surefire.booter.ForkedBooter.runSuitesInProcess(ForkedBooter.java:113)
	at org.apache.maven.surefire.booter.ForkedBooter.main(ForkedBooter.java:75)
Caused by: org.openqa.selenium.NoSuchElementException: Element was not found.
Command duration or timeout: 5.39 seconds
For documentation on this error, please visit: http://seleniumhq.org/exceptions/no_such_element.html
Build info: version: '2.47.0', revision: '0e4837e94b1fad0db93e88cd972ed3e235a22892', time: '2015-07-29 15:58:41'
System info: host: 'WS-QA-08', ip: '192.168.4.33', os.name: 'Windows 7', os.arch: 'amd64', os.version: '6.1', java.version: '1.8.0_51'
Driver info: io.selendroid.client.SelendroidDriver
Capabilities [{emulator=true, aut=ru.letobank.Prometheus:1.2.10, platformVersion=19, automationName=selendroid, browserName=selendroid, platformName=android, platform=ANY}]
Session ID: a6046810-074c-8e88-106f-521a0a3291d3
*** Element info: {Using=xpath, value=//TextView[@id='action_bar_title']}
	at sun.reflect.GeneratedConstructorAccessor20.newInstance(Unknown Source)
	at sun.reflect.DelegatingConstructorAccessorImpl.newInstance(DelegatingConstructorAccessorImpl.java:45)
	at java.lang.reflect.Constructor.newInstance(Constructor.java:422)
	at org.openqa.selenium.remote.ErrorHandler.createThrowable(ErrorHandler.java:206)
	at org.openqa.selenium.remote.ErrorHandler.throwIfResponseFailed(ErrorHandler.java:158)
	at org.openqa.selenium.remote.RemoteWebDriver.execute(RemoteWebDriver.java:595)
	at org.openqa.selenium.remote.RemoteWebDriver.findElement(RemoteWebDriver.java:348)
	at org.openqa.selenium.remote.RemoteWebDriver.findElementByXPath(RemoteWebDriver.java:445)
	at org.openqa.selenium.By$ByXPath.findElement(By.java:358)
	at org.openqa.selenium.remote.RemoteWebDriver.findElement(RemoteWebDriver.java:340)
	at org.openqa.selenium.support.ui.ExpectedConditions.findElement(ExpectedConditions.java:861)
	at org.openqa.selenium.support.ui.ExpectedConditions.access$000(ExpectedConditions.java:41)
	at org.openqa.selenium.support.ui.ExpectedConditions$6.apply(ExpectedConditions.java:181)
	at org.openqa.selenium.support.ui.ExpectedConditions$6.apply(ExpectedConditions.java:178)
	at org.openqa.selenium.support.ui.FluentWait.until(FluentWait.java:209)
	... 38 more
Caused by: io.selendroid.server.common.exceptions.NoSuchElementException: Element was not found.
]]>
            </full-stacktrace>
          </exception> <!-- org.openqa.selenium.TimeoutException -->
          <reporter-output>
          </reporter-output>
        </test-method> <!-- exit -->
        <test-method status="PASS" signature="tearDown()[pri:0, instance:letoapp.tests.CanceledDepositScreensTest@543c6f6d]" name="tearDown" is-config="true" duration-ms="5793" started-at="2015-09-16T16:21:22Z" finished-at="2015-09-16T16:21:28Z">
          <reporter-output>
          </reporter-output>
        </test-method> <!-- tearDown -->
        <test-method status="PASS" signature="tearDownServer()[pri:0, instance:letoapp.tests.CanceledDepositScreensTest@543c6f6d]" name="tearDownServer" is-config="true" duration-ms="2" started-at="2015-09-16T16:21:28Z" finished-at="2015-09-16T16:21:28Z">
          <reporter-output>
          </reporter-output>
        </test-method> <!-- tearDownServer -->
      </class> <!-- letoapp.tests.CanceledDepositScreensTest -->
    </test> <!-- Test -->
  </suite> <!-- Suite -->
</testng-results>
