<?xml version="1.0" encoding="UTF-8"?>
<!-- Generated by org.testng.reporters.JUnitReportReporter -->
<testsuite hostname="WS-QA-08" name="letoapp.tests.OpenLoanScreensTest" tests="27" failures="2" timestamp="17 Sep 2015 12:02:54 GMT" time="481.409" errors="2">
  <testcase name="openInsuranceScreenTest" time="4.851" classname="letoapp.tests.OpenLoanScreensTest"/>
  <testcase name="openEarlyRepaymentScreenTest" time="20.129" classname="letoapp.tests.OpenLoanScreensTest"/>
  <testcase name="openInLetoBankOfficesScreenTest" time="19.208" classname="letoapp.tests.OpenLoanScreensTest"/>
  <testcase name="loanScreenInfoTabVerify" time="4.737" classname="letoapp.tests.OpenLoanScreensTest"/>
  <testcase name="openAnotherBankPaymentScreenTest" time="12.114" classname="letoapp.tests.OpenLoanScreensTest"/>
  <testcase name="changeDisplayNameTest" time="20.046" classname="letoapp.tests.OpenLoanScreensTest"/>
  <testcase name="openReducePaymentFromWhatIfScreenTest" time="9.277" classname="letoapp.tests.OpenLoanScreensTest">
    <failure type="java.lang.AssertionError" message="What if screen: Reduce payment connected or unavailable">
      <![CDATA[java.lang.AssertionError: What if screen: Reduce payment connected or unavailable
	at org.testng.Assert.fail(Assert.java:94)
	at letoapp.sreens.WhatIfScreen.reducePaymentClick(WhatIfScreen.java:239)
	at letoapp.tests.OpenLoanScreensTest.openReducePaymentFromWhatIfScreenTest(OpenLoanScreensTest.java:116)
	at sun.reflect.NativeMethodAccessorImpl.invoke0(Native Method)
	at sun.reflect.NativeMethodAccessorImpl.invoke(NativeMethodAccessorImpl.java:62)
	at sun.reflect.DelegatingMethodAccessorImpl.invoke(DelegatingMethodAccessorImpl.java:43)
	at java.lang.reflect.Method.invoke(Method.java:497)
	at org.testng.internal.MethodInvocationHelper.invokeMethod(MethodInvocationHelper.java:85)
	at org.testng.internal.Invoker.invokeMethod(Invoker.java:659)
	at org.testng.internal.Invoker.invokeTestMethod(Invoker.java:845)
	at org.testng.internal.Invoker.invokeTestMethods(Invoker.java:1153)
	at org.testng.internal.TestMethodWorker.invokeTestMethods(TestMethodWorker.java:125)
	at org.testng.internal.TestMethodWorker.run(TestMethodWorker.java:108)
	at org.testng.TestRunner.privateRun(TestRunner.java:771)
	at org.testng.TestRunner.run(TestRunner.java:621)
	at org.testng.SuiteRunner.runTest(SuiteRunner.java:357)
	at org.testng.SuiteRunner.runSequentially(SuiteRunner.java:352)
	at org.testng.SuiteRunner.privateRun(SuiteRunner.java:310)
	at org.testng.SuiteRunner.run(SuiteRunner.java:259)
	at org.testng.SuiteRunnerWorker.runSuite(SuiteRunnerWorker.java:52)
	at org.testng.SuiteRunnerWorker.run(SuiteRunnerWorker.java:86)
	at org.testng.TestNG.runSuitesSequentially(TestNG.java:1199)
	at org.testng.TestNG.runSuitesLocally(TestNG.java:1124)
	at org.testng.TestNG.run(TestNG.java:1032)
	at org.testng.remote.RemoteTestNG.run(RemoteTestNG.java:111)
	at org.testng.remote.RemoteTestNG.initAndRun(RemoteTestNG.java:204)
	at org.testng.remote.RemoteTestNG.main(RemoteTestNG.java:175)
]]>
    </failure>
  </testcase> <!-- openReducePaymentFromWhatIfScreenTest -->
  <testcase name="auth" time="29.651" classname="letoapp.tests.OpenLoanScreensTest"/>
  <testcase name="openPaymentScheduleTest" time="12.443" classname="letoapp.tests.OpenLoanScreensTest"/>
  <testcase name="getQRCodeTest" time="7.021" classname="letoapp.tests.OpenLoanScreensTest"/>
  <testcase name="openLoanOperationScreenTest" time="32.775" classname="letoapp.tests.OpenLoanScreensTest"/>
  <testcase name="openSkipPaymentTest" time="15.605" classname="letoapp.tests.OpenLoanScreensTest"/>
  <testcase name="loanScreenPaymentTabVerify" time="3.088" classname="letoapp.tests.OpenLoanScreensTest"/>
  <testcase name="openFullRepaymentTest" time="34.404" classname="letoapp.tests.OpenLoanScreensTest"/>
  <testcase name="openReducePaymentServiceScreenTest" time="4.616" classname="letoapp.tests.OpenLoanScreensTest">
    <failure type="java.lang.AssertionError" message="Loan management tab: Уменьшаю платёж connected">
      <![CDATA[java.lang.AssertionError: Loan management tab: Уменьшаю платёж connected
	at org.testng.Assert.fail(Assert.java:94)
	at letoapp.sreens.loans.LoanManagementTab.serviceDetailsClick(LoanManagementTab.java:47)
	at letoapp.tests.OpenLoanScreensTest.openReducePaymentServiceScreenTest(OpenLoanScreensTest.java:232)
	at sun.reflect.NativeMethodAccessorImpl.invoke0(Native Method)
	at sun.reflect.NativeMethodAccessorImpl.invoke(NativeMethodAccessorImpl.java:62)
	at sun.reflect.DelegatingMethodAccessorImpl.invoke(DelegatingMethodAccessorImpl.java:43)
	at java.lang.reflect.Method.invoke(Method.java:497)
	at org.testng.internal.MethodInvocationHelper.invokeMethod(MethodInvocationHelper.java:85)
	at org.testng.internal.Invoker.invokeMethod(Invoker.java:659)
	at org.testng.internal.Invoker.invokeTestMethod(Invoker.java:845)
	at org.testng.internal.Invoker.invokeTestMethods(Invoker.java:1153)
	at org.testng.internal.TestMethodWorker.invokeTestMethods(TestMethodWorker.java:125)
	at org.testng.internal.TestMethodWorker.run(TestMethodWorker.java:108)
	at org.testng.TestRunner.privateRun(TestRunner.java:771)
	at org.testng.TestRunner.run(TestRunner.java:621)
	at org.testng.SuiteRunner.runTest(SuiteRunner.java:357)
	at org.testng.SuiteRunner.runSequentially(SuiteRunner.java:352)
	at org.testng.SuiteRunner.privateRun(SuiteRunner.java:310)
	at org.testng.SuiteRunner.run(SuiteRunner.java:259)
	at org.testng.SuiteRunnerWorker.runSuite(SuiteRunnerWorker.java:52)
	at org.testng.SuiteRunnerWorker.run(SuiteRunnerWorker.java:86)
	at org.testng.TestNG.runSuitesSequentially(TestNG.java:1199)
	at org.testng.TestNG.runSuitesLocally(TestNG.java:1124)
	at org.testng.TestNG.run(TestNG.java:1032)
	at org.testng.remote.RemoteTestNG.run(RemoteTestNG.java:111)
	at org.testng.remote.RemoteTestNG.initAndRun(RemoteTestNG.java:204)
	at org.testng.remote.RemoteTestNG.main(RemoteTestNG.java:175)
]]>
    </failure>
  </testcase> <!-- openReducePaymentServiceScreenTest -->
  <testcase name="loanScreenManagementTabVerify" time="5.286" classname="letoapp.tests.OpenLoanScreensTest"/>
  <testcase name="openPaymentSystemsTerminalsScreenTest" time="17.973" classname="letoapp.tests.OpenLoanScreensTest"/>
  <testcase name="openPartRepaymentScreenTest" time="50.458" classname="letoapp.tests.OpenLoanScreensTest"/>
  <testcase name="openChangePaymentDateTest" time="36.223" classname="letoapp.tests.OpenLoanScreensTest">
    <error type="java.lang.NullPointerException">
      <![CDATA[java.lang.NullPointerException
	at letoapp.sreens.services.ChangePaymentDateScreen.verifyAfterCalculationLoan(ChangePaymentDateScreen.java:48)
	at letoapp.tests.OpenLoanScreensTest.openChangePaymentDateTest(OpenLoanScreensTest.java:225)
	at sun.reflect.NativeMethodAccessorImpl.invoke0(Native Method)
	at sun.reflect.NativeMethodAccessorImpl.invoke(NativeMethodAccessorImpl.java:62)
	at sun.reflect.DelegatingMethodAccessorImpl.invoke(DelegatingMethodAccessorImpl.java:43)
	at java.lang.reflect.Method.invoke(Method.java:497)
	at org.testng.internal.MethodInvocationHelper.invokeMethod(MethodInvocationHelper.java:85)
	at org.testng.internal.Invoker.invokeMethod(Invoker.java:659)
	at org.testng.internal.Invoker.invokeTestMethod(Invoker.java:845)
	at org.testng.internal.Invoker.invokeTestMethods(Invoker.java:1153)
	at org.testng.internal.TestMethodWorker.invokeTestMethods(TestMethodWorker.java:125)
	at org.testng.internal.TestMethodWorker.run(TestMethodWorker.java:108)
	at org.testng.TestRunner.privateRun(TestRunner.java:771)
	at org.testng.TestRunner.run(TestRunner.java:621)
	at org.testng.SuiteRunner.runTest(SuiteRunner.java:357)
	at org.testng.SuiteRunner.runSequentially(SuiteRunner.java:352)
	at org.testng.SuiteRunner.privateRun(SuiteRunner.java:310)
	at org.testng.SuiteRunner.run(SuiteRunner.java:259)
	at org.testng.SuiteRunnerWorker.runSuite(SuiteRunnerWorker.java:52)
	at org.testng.SuiteRunnerWorker.run(SuiteRunnerWorker.java:86)
	at org.testng.TestNG.runSuitesSequentially(TestNG.java:1199)
	at org.testng.TestNG.runSuitesLocally(TestNG.java:1124)
	at org.testng.TestNG.run(TestNG.java:1032)
	at org.testng.remote.RemoteTestNG.run(RemoteTestNG.java:111)
	at org.testng.remote.RemoteTestNG.initAndRun(RemoteTestNG.java:204)
	at org.testng.remote.RemoteTestNG.main(RemoteTestNG.java:175)
]]>
    </error>
  </testcase> <!-- openChangePaymentDateTest -->
  <testcase name="openContractScreenTest" time="12.862" classname="letoapp.tests.OpenLoanScreensTest"/>
  <testcase name="openPaymentsScheduleScreenFromInfoTabTest" time="15.013" classname="letoapp.tests.OpenLoanScreensTest"/>
  <testcase name="openChangePaymentDateFromWhatIfScreenTest" time="33.935" classname="letoapp.tests.OpenLoanScreensTest">
    <error type="java.lang.NullPointerException">
      <![CDATA[java.lang.NullPointerException
	at letoapp.sreens.services.ChangePaymentDateScreen.verifyAfterCalculationLoan(ChangePaymentDateScreen.java:48)
	at letoapp.tests.OpenLoanScreensTest.openChangePaymentDateFromWhatIfScreenTest(OpenLoanScreensTest.java:130)
	at sun.reflect.NativeMethodAccessorImpl.invoke0(Native Method)
	at sun.reflect.NativeMethodAccessorImpl.invoke(NativeMethodAccessorImpl.java:62)
	at sun.reflect.DelegatingMethodAccessorImpl.invoke(DelegatingMethodAccessorImpl.java:43)
	at java.lang.reflect.Method.invoke(Method.java:497)
	at org.testng.internal.MethodInvocationHelper.invokeMethod(MethodInvocationHelper.java:85)
	at org.testng.internal.Invoker.invokeMethod(Invoker.java:659)
	at org.testng.internal.Invoker.invokeTestMethod(Invoker.java:845)
	at org.testng.internal.Invoker.invokeTestMethods(Invoker.java:1153)
	at org.testng.internal.TestMethodWorker.invokeTestMethods(TestMethodWorker.java:125)
	at org.testng.internal.TestMethodWorker.run(TestMethodWorker.java:108)
	at org.testng.TestRunner.privateRun(TestRunner.java:771)
	at org.testng.TestRunner.run(TestRunner.java:621)
	at org.testng.SuiteRunner.runTest(SuiteRunner.java:357)
	at org.testng.SuiteRunner.runSequentially(SuiteRunner.java:352)
	at org.testng.SuiteRunner.privateRun(SuiteRunner.java:310)
	at org.testng.SuiteRunner.run(SuiteRunner.java:259)
	at org.testng.SuiteRunnerWorker.runSuite(SuiteRunnerWorker.java:52)
	at org.testng.SuiteRunnerWorker.run(SuiteRunnerWorker.java:86)
	at org.testng.TestNG.runSuitesSequentially(TestNG.java:1199)
	at org.testng.TestNG.runSuitesLocally(TestNG.java:1124)
	at org.testng.TestNG.run(TestNG.java:1032)
	at org.testng.remote.RemoteTestNG.run(RemoteTestNG.java:111)
	at org.testng.remote.RemoteTestNG.initAndRun(RemoteTestNG.java:204)
	at org.testng.remote.RemoteTestNG.main(RemoteTestNG.java:175)
]]>
    </error>
  </testcase> <!-- openChangePaymentDateFromWhatIfScreenTest -->
  <testcase name="exit" time="7.861" classname="letoapp.tests.OpenLoanScreensTest"/>
  <testcase name="openWhatIfScreenTest" time="18.107" classname="letoapp.tests.OpenLoanScreensTest"/>
  <testcase name="openLoanTest" time="9.330" classname="letoapp.tests.OpenLoanScreensTest"/>
  <testcase name="openConnectingServicesScreenTest" time="25.354" classname="letoapp.tests.OpenLoanScreensTest"/>
  <testcase name="openSkipPaymentFromWhatIfScreenTest" time="19.042" classname="letoapp.tests.OpenLoanScreensTest"/>
</testsuite> <!-- letoapp.tests.OpenLoanScreensTest -->
